CLIENT_HANDSHAKE_TRAFFIC_SECRET 16bf9a8e49ff3063d6a42cdafc1cd0ac44e9a7833c594e24c6a2bd0db5fdb66a 42e216bcad521c7f51b2946627b38a901738b68f144e9debb05dcf252e70ecfef54730fe9cf9f162de44be540bf98434
SERVER_HANDSHAKE_TRAFFIC_SECRET 16bf9a8e49ff3063d6a42cdafc1cd0ac44e9a7833c594e24c6a2bd0db5fdb66a 076fe30390e4dc64a1d956c2ad32018b3e7abdc22d9701e4b91a7495a7436b958f3502323e4dffa2a4fd965405708f25
CLIENT_HANDSHAKE_TRAFFIC_SECRET c2304867e93367e36c024a8ffc2350d0dc0fc1bb0806762f5e2a0ef059725b60 2f6e345773e3357676928df15b1f77c15c79122bee4826d72f5c43fe25d8623c
SERVER_HANDSHAKE_TRAFFIC_SECRET c2304867e93367e36c024a8ffc2350d0dc0fc1bb0806762f5e2a0ef059725b60 5a8bca2d5a95ad8ceb855a5472570e27385b8639f2ae82541d3d260c6ae5d04b
CLIENT_HANDSHAKE_TRAFFIC_SECRET 0747e0fb0c523875d684bf7d2e99a84e4c9ba6e81ad1fbc18f6901b6fac54c8b d822fdad41d85feda00111004b56b20acf6ae421693e5137eb4aada365a3ae45
SERVER_HANDSHAKE_TRAFFIC_SECRET 0747e0fb0c523875d684bf7d2e99a84e4c9ba6e81ad1fbc18f6901b6fac54c8b 7b760c0ddd32c5ad63554f499a1e25dda0f3de6b414b0621c85c4119de13f13b
CLIENT_TRAFFIC_SECRET_0 c2304867e93367e36c024a8ffc2350d0dc0fc1bb0806762f5e2a0ef059725b60 5a7deca5f92f09fb56501e059ac8b28ba04358dcdce24d310bb9d59da4231334
SERVER_TRAFFIC_SECRET_0 c2304867e93367e36c024a8ffc2350d0dc0fc1bb0806762f5e2a0ef059725b60 08d7f60025c711368f4d452364c886d58ec7e423040a7eb99032fe2ce9bfd8ea
EXPORTER_SECRET c2304867e93367e36c024a8ffc2350d0dc0fc1bb0806762f5e2a0ef059725b60 081b6e74571c49933c4d4cfd25f38efa8fc9ebbe3056a35ae982817476762b05
CLIENT_HANDSHAKE_TRAFFIC_SECRET 142bb56617bf7b3ea9e1140d66ddfa9931a84309d243251c9cee414a717f7774 e96493da44c631a1d99de4bcc4d352904ded2975d8459c142fd40afb2806a91ef1abd7155226ec55e5b50f663d739922
SERVER_HANDSHAKE_TRAFFIC_SECRET 142bb56617bf7b3ea9e1140d66ddfa9931a84309d243251c9cee414a717f7774 0ca35adf5243b2af2904f0181c4a162c3023bd7f385fbab06c84a5207ac28b2fd162ddbb87457aa9c3d6b96f597da049
CLIENT_HANDSHAKE_TRAFFIC_SECRET b887edb1d165f176abafb8eb5a8218b3f1026f3032f17889ca6c29f6cb175f02 83bed11ed0c6cb66a786e140df69bfbdbe42b8133b2b86f3717e2f95567f383b
SERVER_HANDSHAKE_TRAFFIC_SECRET b887edb1d165f176abafb8eb5a8218b3f1026f3032f17889ca6c29f6cb175f02 28c3dabf8d79a64f97f248a85f2eb2a5a4cda41577951491872b01318e2e90c0
CLIENT_TRAFFIC_SECRET_0 0747e0fb0c523875d684bf7d2e99a84e4c9ba6e81ad1fbc18f6901b6fac54c8b 8a9925e4899c94886c79b1500f0dd1acb6f1a22fce7201a0b6c26f911afa9f9c
SERVER_TRAFFIC_SECRET_0 0747e0fb0c523875d684bf7d2e99a84e4c9ba6e81ad1fbc18f6901b6fac54c8b 1a3df102fa61d3fd1a7062348b2638bb810b3c8ccf64c8d2e37019ecf000f192
EXPORTER_SECRET 0747e0fb0c523875d684bf7d2e99a84e4c9ba6e81ad1fbc18f6901b6fac54c8b 696eb57301eef19995cdf1a34f7fb7d2d0ebe4362e994dd5f54789bf45f334e5
CLIENT_HANDSHAKE_TRAFFIC_SECRET 6270e682bd2ea747eeb8170b92cd35e95230bfd2c996ec5e6005195c61596f4a d2d792e4d6700bcc3439966e7b118ab82fa8be7de4414fbd79416dc93ce05040900ec6798756bce9d8f9435cd68ea23b
SERVER_HANDSHAKE_TRAFFIC_SECRET 6270e682bd2ea747eeb8170b92cd35e95230bfd2c996ec5e6005195c61596f4a 0cba3d5f055b1aa5b3bb2f3a61cde6ff6a11662b921db57e5cd4c45fe8deca95652154d8a2080268c3efb185e94a355d
CLIENT_TRAFFIC_SECRET_0 6270e682bd2ea747eeb8170b92cd35e95230bfd2c996ec5e6005195c61596f4a 7eb136aaf5dbb6a3836c2911c123cb641d31dae72303ceccb72119ab0213766c7bb50cee0cb17dcf1dee462bd07027c4
SERVER_TRAFFIC_SECRET_0 6270e682bd2ea747eeb8170b92cd35e95230bfd2c996ec5e6005195c61596f4a f25f23f6b63c255099ccb1df1a8c191b37bb17b5473bc8994dbe7ef4f45450992b3f31764554c358fdd0a4ee0f238f1a
EXPORTER_SECRET 6270e682bd2ea747eeb8170b92cd35e95230bfd2c996ec5e6005195c61596f4a 04377487e9c19e19011e897222ae3eb1ebb9d3ca83cd43a0f7414f4b7a8d31c32e4581040783750a51da769fc191672d
CLIENT_TRAFFIC_SECRET_0 b887edb1d165f176abafb8eb5a8218b3f1026f3032f17889ca6c29f6cb175f02 c5196c9421f0d03961784a8f6eead7e5a7c1a8a120a613da2254917799874ede
SERVER_TRAFFIC_SECRET_0 b887edb1d165f176abafb8eb5a8218b3f1026f3032f17889ca6c29f6cb175f02 d7d2d90ea2aad1cd5e720a15b8d126dd69c6394eca2f9665ba810d83c370a94a
EXPORTER_SECRET b887edb1d165f176abafb8eb5a8218b3f1026f3032f17889ca6c29f6cb175f02 b03b96415c391c522d056746f50125b9393926d097f999f39220e84c2ee8fe9e
CLIENT_HANDSHAKE_TRAFFIC_SECRET f52361e99cf4ef1efce48f89ca933013553b62acd31a2f44f8e19241d6cb2a97 a9668b0b9cf247b96ba3588c9ede8dd4c19542dbace313215c99c9bdb7a66bfa
SERVER_HANDSHAKE_TRAFFIC_SECRET f52361e99cf4ef1efce48f89ca933013553b62acd31a2f44f8e19241d6cb2a97 64560f9e0aaffde4a69a16a79b391b2446bba98e4a647642e24407eca14a1992
CLIENT_TRAFFIC_SECRET_0 f52361e99cf4ef1efce48f89ca933013553b62acd31a2f44f8e19241d6cb2a97 311b7706a6f61023585e8d808edf228853dd4fcf5db2d51442f81102d2560450
SERVER_TRAFFIC_SECRET_0 f52361e99cf4ef1efce48f89ca933013553b62acd31a2f44f8e19241d6cb2a97 4889b0e91c4e07d9e9b1ec6118268bd49c11fc4856b966d90d7c6f0ffe1b9d60
EXPORTER_SECRET f52361e99cf4ef1efce48f89ca933013553b62acd31a2f44f8e19241d6cb2a97 4c28d3c6192345c7dc3cf79bf8ab1f12812f560c92450b0ab71784176bdcc9c4
CLIENT_HANDSHAKE_TRAFFIC_SECRET b753d844ef4d9d0b1c4226cf574d40d9d531def85af46fce6d027e0b3f157615 7db1f3342c82deb94e64facea9be87e81cf41e4d80aa985419a4b8c6c217b187
SERVER_HANDSHAKE_TRAFFIC_SECRET b753d844ef4d9d0b1c4226cf574d40d9d531def85af46fce6d027e0b3f157615 cc8783df2b81b5bd43049d192de0ce5e796be8c40e3092b79ba62ac33efa3f5e
CLIENT_TRAFFIC_SECRET_0 b753d844ef4d9d0b1c4226cf574d40d9d531def85af46fce6d027e0b3f157615 c1b64c6772ff1e2518248bf14ff9166bb83b51070eb8435d7a1f6fab862967fb
SERVER_TRAFFIC_SECRET_0 b753d844ef4d9d0b1c4226cf574d40d9d531def85af46fce6d027e0b3f157615 1b1d4f0a243e25894e499b8ef587f980313de6ee2848b2fc6f4d94a86c238b91
EXPORTER_SECRET b753d844ef4d9d0b1c4226cf574d40d9d531def85af46fce6d027e0b3f157615 a54f39654ef3a2529fde631002098103506f31d658b2e5e05557eae45c9632b5
CLIENT_RANDOM 804f22a5fe8f4def0a36707d71401f67f3f058f05048c63a5df8e28fe13c5f0f 7dbb2a29c3cee32b32f0277d4749ec17a6fc1fcb043aa09ecdc60f118ad21c51d72847f25e8e18e90362886cb9a38e61
CLIENT_HANDSHAKE_TRAFFIC_SECRET c13e30491f3bac71339637efd8be19696a251cfaa18a860605622b7398cf749e ea84c78313a4eab057c8109449a5190de07471c436b10374d941e770770a2769
SERVER_HANDSHAKE_TRAFFIC_SECRET c13e30491f3bac71339637efd8be19696a251cfaa18a860605622b7398cf749e 438b8e6c739f5368bef96f5a9ce6ee3cd3bc731206371d887a99a726f80a6f26
CLIENT_TRAFFIC_SECRET_0 c13e30491f3bac71339637efd8be19696a251cfaa18a860605622b7398cf749e c7f758943611fc93f2d31e5731f97798f6d1339e9e7bdd5d51538ee34e212ef1
SERVER_TRAFFIC_SECRET_0 c13e30491f3bac71339637efd8be19696a251cfaa18a860605622b7398cf749e b0b19ae3ee85243b0266ec3e590c6d26620244c23ea5197ce8c308e65962b1f8
EXPORTER_SECRET c13e30491f3bac71339637efd8be19696a251cfaa18a860605622b7398cf749e 9021a3c32ebaadda6b1919344f1e263036544ffd37a2a095768bb56739b21457
CLIENT_HANDSHAKE_TRAFFIC_SECRET eac77d28ae0a3308930bda1d7c746768cf1704a944087cb2611208be40bc85e0 f93e610e7a8bcb23ac002dd94aa9cce72562ed7308d95cfc8382c4f8c7f68f6b
SERVER_HANDSHAKE_TRAFFIC_SECRET eac77d28ae0a3308930bda1d7c746768cf1704a944087cb2611208be40bc85e0 50293b039da6752134b8bcae51d323f41b5edc9bf8f8e1a45f2778563e45e2fe
CLIENT_TRAFFIC_SECRET_0 eac77d28ae0a3308930bda1d7c746768cf1704a944087cb2611208be40bc85e0 15416c9f700b1769189e72435a1b4a1f3dd00412d8712c043205b2db2a72e010
SERVER_TRAFFIC_SECRET_0 eac77d28ae0a3308930bda1d7c746768cf1704a944087cb2611208be40bc85e0 35810d2c3e779883c24c9a91919d74300d884fd3787bfd9e4c4877cf17477679
EXPORTER_SECRET eac77d28ae0a3308930bda1d7c746768cf1704a944087cb2611208be40bc85e0 039efa7b45650024bf80af370ae606eeb0526bce36327e435637caed81d354bc
CLIENT_HANDSHAKE_TRAFFIC_SECRET 6fd5a5a091d3cc5fe3b663e009f6ad72ff7b02903053535363d3a64e2e0ac3e5 972e5683eb66951bef308fd525482323ae9271a50376781800ff3173c4016d2a
SERVER_HANDSHAKE_TRAFFIC_SECRET 6fd5a5a091d3cc5fe3b663e009f6ad72ff7b02903053535363d3a64e2e0ac3e5 b26bd274bd712159d05bf92ae630204ac6decbb36aa33b6aa8f79d75ef71a41e
CLIENT_TRAFFIC_SECRET_0 6fd5a5a091d3cc5fe3b663e009f6ad72ff7b02903053535363d3a64e2e0ac3e5 e7021befe9d45e613230823eb9bcc080644d19c10ac4ac9f6cf080f49bc45375
SERVER_TRAFFIC_SECRET_0 6fd5a5a091d3cc5fe3b663e009f6ad72ff7b02903053535363d3a64e2e0ac3e5 d7e9a1204487ff085bcf74a4b37ba9872b80dc5323f21f09cd4bf8ae1cfcdc85
EXPORTER_SECRET 6fd5a5a091d3cc5fe3b663e009f6ad72ff7b02903053535363d3a64e2e0ac3e5 3cba0de139dcecb8dab3b29b364f3febd6a310235d590df88e84d6224763cde9
CLIENT_HANDSHAKE_TRAFFIC_SECRET 616cc9a8034bb2fdcb971ada5757305aaaae10b78feea74ef13d622dd363f03d eb01347cf7184b1358a79264fc42d2240b6556a18a26c14965e6b6dd64204371
SERVER_HANDSHAKE_TRAFFIC_SECRET 616cc9a8034bb2fdcb971ada5757305aaaae10b78feea74ef13d622dd363f03d f46a224afd5477c7785a37ebfb9349c431834813a519e5fa0d6adfafd2a990c6
CLIENT_TRAFFIC_SECRET_0 616cc9a8034bb2fdcb971ada5757305aaaae10b78feea74ef13d622dd363f03d 5a9d1aa2b434b3038af0130c6dfa1438bcec3984f9ad59c4cfcc551c3d02f50b
SERVER_TRAFFIC_SECRET_0 616cc9a8034bb2fdcb971ada5757305aaaae10b78feea74ef13d622dd363f03d 0b0f54c5311c322a9f80465130c6deaf0f3a83c325ed738e968ad4d892f3d6f1
EXPORTER_SECRET 616cc9a8034bb2fdcb971ada5757305aaaae10b78feea74ef13d622dd363f03d 52c795285194d2509d8cec6dbe1245d201ad73ad5b6420e47f39c10129dfa0f9
CLIENT_HANDSHAKE_TRAFFIC_SECRET 5feec97e7d0768914e7c2a3a1abf493d7320dd25f889c1534bc777f6edc347d3 44e80c9174c347d0156507242bb0035c37fdb026d22c8795fee93135e61cc9ef
SERVER_HANDSHAKE_TRAFFIC_SECRET 5feec97e7d0768914e7c2a3a1abf493d7320dd25f889c1534bc777f6edc347d3 a02b3cca5ab9dd7b5398a32b0269941b78fe8a54058d6b89a7bffd2efef38007
CLIENT_TRAFFIC_SECRET_0 5feec97e7d0768914e7c2a3a1abf493d7320dd25f889c1534bc777f6edc347d3 9f0afc3b7bff4bdbc636ad4aa0902d14ef9e29d259c4b786ed4808066a2bc72b
SERVER_TRAFFIC_SECRET_0 5feec97e7d0768914e7c2a3a1abf493d7320dd25f889c1534bc777f6edc347d3 66d6f94d32c81d7ee6c68083c9233e30a720836fef1f6aaa33da534ffad87d08
EXPORTER_SECRET 5feec97e7d0768914e7c2a3a1abf493d7320dd25f889c1534bc777f6edc347d3 f3fc849d29d9c32242053e8ad7246bf039a57b2df15c7757b9943af0e16422d4
CLIENT_RANDOM d2350afbbb7d7fa1f84e1f33695750436f218ba23fbca90828e2463a38bab08a c238ae832c8704ff2207641c46cea5c7076a464fd12f394bca97aa33a24d46b4e2754d969424e4a812ef99fac73ec4f2
CLIENT_HANDSHAKE_TRAFFIC_SECRET 390a96c372acac72465f5c5a403b26709a533e1fb0c075a5f3fbe28202b7c10e e351415d9906a88a33862c79e6b8bf737f40d7b74863b97f93c785573ffd3026
SERVER_HANDSHAKE_TRAFFIC_SECRET 390a96c372acac72465f5c5a403b26709a533e1fb0c075a5f3fbe28202b7c10e 837db88ba3046c2f1e52a4349ecca4e9269805ed5fa4698ebc18b81d50b85919
CLIENT_TRAFFIC_SECRET_0 390a96c372acac72465f5c5a403b26709a533e1fb0c075a5f3fbe28202b7c10e 502381d1dead4ce95e6a0043f87256be7179842602b7228b938629057bf3dea6
SERVER_TRAFFIC_SECRET_0 390a96c372acac72465f5c5a403b26709a533e1fb0c075a5f3fbe28202b7c10e 0654f77269e3250ac902b0dd25939a14ab16ac0cd74b9e4c76e25fdb4d4c1194
EXPORTER_SECRET 390a96c372acac72465f5c5a403b26709a533e1fb0c075a5f3fbe28202b7c10e f50bd7a3a4d3159316826f7cee184645de85d022be8faf7f1677ce2536312706
CLIENT_HANDSHAKE_TRAFFIC_SECRET ff58a9c20160e6140372089876a71f7113bd68b0460359ba6fa6ed55f83046e4 0aae0cd61fb92a91a48fb9151ea825b0ddf88ba66342e3c42ce7266e5f76758a
SERVER_HANDSHAKE_TRAFFIC_SECRET ff58a9c20160e6140372089876a71f7113bd68b0460359ba6fa6ed55f83046e4 4bfcbdbd006bda40bf6639b6272a88cd0fe3827da77737e843edf6a03bed69b9
CLIENT_TRAFFIC_SECRET_0 ff58a9c20160e6140372089876a71f7113bd68b0460359ba6fa6ed55f83046e4 164efcc3ac66feacf1560a9a1c8cb7fb5b89299c851b4f90349a00da557643a8
SERVER_TRAFFIC_SECRET_0 ff58a9c20160e6140372089876a71f7113bd68b0460359ba6fa6ed55f83046e4 a124fade27950ed92947c3a7953bfd84e2a368504271076ed823e118ef439aee
EXPORTER_SECRET ff58a9c20160e6140372089876a71f7113bd68b0460359ba6fa6ed55f83046e4 13f57d42a645c1c05e4aadf132642aab2ca1ab1dde2116858654f0d87959e7d2
CLIENT_HANDSHAKE_TRAFFIC_SECRET 816a3fbd3afb7755804674b14814a7c0a51cc8ff6a2cde08dae7fee031ec8446 82df1d906d3c248cab3291576c6c2ad1530ae69966e46d15f7e52dc4fa9d1120
SERVER_HANDSHAKE_TRAFFIC_SECRET 816a3fbd3afb7755804674b14814a7c0a51cc8ff6a2cde08dae7fee031ec8446 d1880aeb53cc854824ac35fa2923e7a1d7d61d9cfe612ec9a41069596db73e89
CLIENT_TRAFFIC_SECRET_0 816a3fbd3afb7755804674b14814a7c0a51cc8ff6a2cde08dae7fee031ec8446 0ac24dd5dd7ef7976cab784f29c518d4580653541d91a5eff8c12fb8237f6ba1
SERVER_TRAFFIC_SECRET_0 816a3fbd3afb7755804674b14814a7c0a51cc8ff6a2cde08dae7fee031ec8446 bf3ebcf433eb9c9515e89db10a6985614b6117f646e06e4c0f6c4a8d1d974e40
EXPORTER_SECRET 816a3fbd3afb7755804674b14814a7c0a51cc8ff6a2cde08dae7fee031ec8446 903b8c5d1799023405f6344274a085f0d971162f8c0d81c4bbae4c737dccae10
CLIENT_HANDSHAKE_TRAFFIC_SECRET 8056bc187ce6c2fbbd09ccde4c9a6b850fc42e127b84cd985cbce04846611121 72708a82a2c882141dcceaf0d72173fd35aebcd3378aed7458ee4250a723a7ac
SERVER_HANDSHAKE_TRAFFIC_SECRET 8056bc187ce6c2fbbd09ccde4c9a6b850fc42e127b84cd985cbce04846611121 217dc97ba6201e16b023c9d28e51ce25ab60e89dbc12c259367a1acdc390c553
CLIENT_TRAFFIC_SECRET_0 8056bc187ce6c2fbbd09ccde4c9a6b850fc42e127b84cd985cbce04846611121 80da829f305b61e9d1c7f6375a3ca3f7a7addc6a2e5a309157e760bd1ab73d94
SERVER_TRAFFIC_SECRET_0 8056bc187ce6c2fbbd09ccde4c9a6b850fc42e127b84cd985cbce04846611121 b2681638d54bf51f004e2ae037ace5e59a08d92341c23b4b01a8a70dcd686e60
EXPORTER_SECRET 8056bc187ce6c2fbbd09ccde4c9a6b850fc42e127b84cd985cbce04846611121 38a98aac829f21bf4e518ff9224696cf30897739ff906c24923abd4154b75e4d
CLIENT_RANDOM 8b762ebdfe98b90720cae9447de884ded400a33e3e18481a01cca1f48a817f72 94c671404dc5a1633056e7acd5c9453251cb341106317e8cceb4b7d8fda7a69426336c2166d0a05122cebf0dd9b3318e
CLIENT_RANDOM d1c661cba8228195d7bfe790607357abfef08e3e365823fc1ff88b15fae4eda7 a7676dd532fc184865dabf173b28b0a57539ffb593091f9e4a3d260d4b7b3cdcde5288bb45cbfb06ab8f237573419494
CLIENT_HANDSHAKE_TRAFFIC_SECRET 0b29965fed94407e5e38b9734ffb3a2b5730b81305c8114d633c3dc980a75c59 b999c18c52a23068dcc4cff9055b647ce81c702aec47b0f0eb96733172a72754
SERVER_HANDSHAKE_TRAFFIC_SECRET 0b29965fed94407e5e38b9734ffb3a2b5730b81305c8114d633c3dc980a75c59 722d97f568cab3c2ce78a35f031c9b59acb5809be745fd602d27c591bbf35ea7
CLIENT_HANDSHAKE_TRAFFIC_SECRET 6323efbc0b1a9c1e905d61e6440534979f0d9ad1cb75f767406aecce26b09351 498cffb505f5b1e31a0ad20c304fe0ec11860df1ea86e9ab403f5e5a9aa5562d
SERVER_HANDSHAKE_TRAFFIC_SECRET 6323efbc0b1a9c1e905d61e6440534979f0d9ad1cb75f767406aecce26b09351 567152372852f8a8ca49e6b862d996aeaee578c35c62a1e27e84fad7474eb2e7
CLIENT_TRAFFIC_SECRET_0 0b29965fed94407e5e38b9734ffb3a2b5730b81305c8114d633c3dc980a75c59 979ec41fed92b2bf71f0e75fb7e4ab980cba6c9c13975958d15a63638a6d9a89
SERVER_TRAFFIC_SECRET_0 0b29965fed94407e5e38b9734ffb3a2b5730b81305c8114d633c3dc980a75c59 759c60ff09545d803fa1418577d6d9e4a0cc9f873dcf54a202c432663b2905a7
EXPORTER_SECRET 0b29965fed94407e5e38b9734ffb3a2b5730b81305c8114d633c3dc980a75c59 0387136283070a5e363525baa6eeb6cc179636f4dae22b03bf15ab78f70c5ac3
CLIENT_TRAFFIC_SECRET_0 6323efbc0b1a9c1e905d61e6440534979f0d9ad1cb75f767406aecce26b09351 1918b7854062da91e2399583cc6edfeaddb1fb6627915ea6474608fcc6a36586
SERVER_TRAFFIC_SECRET_0 6323efbc0b1a9c1e905d61e6440534979f0d9ad1cb75f767406aecce26b09351 3632bfff1aab8b4f0f6191bcfa2684d30a44cabc66ce31d39748c7870b3514b0
EXPORTER_SECRET 6323efbc0b1a9c1e905d61e6440534979f0d9ad1cb75f767406aecce26b09351 f82be56e6c504d25eac9036eb40fe6b9727b8e57b79f39c39fc882c0b5555379
CLIENT_HANDSHAKE_TRAFFIC_SECRET 21796e2e2353428778038605fee1c1050fadea040b1cc256d80ceafa601fa748 afe60b27b416c9cea47b52651da409d68aec7bf6a33c60a1a31abb83aed4f2d5
SERVER_HANDSHAKE_TRAFFIC_SECRET 21796e2e2353428778038605fee1c1050fadea040b1cc256d80ceafa601fa748 bd7016caaeff3fefa7172577ebc651a9da7de6dc68dc8ec5775f3db5489a710d
CLIENT_TRAFFIC_SECRET_0 21796e2e2353428778038605fee1c1050fadea040b1cc256d80ceafa601fa748 36bf4f97911e889293139e499e59fb2a6454fa9ada019df4a24e6d86afb3897b
SERVER_TRAFFIC_SECRET_0 21796e2e2353428778038605fee1c1050fadea040b1cc256d80ceafa601fa748 8bb660855bfa2c5f864e5136548135d6578a350be1809ddd5b94f90ac99f3747
EXPORTER_SECRET 21796e2e2353428778038605fee1c1050fadea040b1cc256d80ceafa601fa748 4b16ccb2c67561e4beef7974e1ad5f4b8889683a15e7ec416a1116e2eb2b647e
CLIENT_HANDSHAKE_TRAFFIC_SECRET 0b86dcce9b8ba0c705a9b5a1963b6054c772b667bc7da34abdc93bf841e83255 05cb932dcd8416038c0d52d9fe163a7f084e6d443f3ee2d6c53ce012d8a9e7a7
SERVER_HANDSHAKE_TRAFFIC_SECRET 0b86dcce9b8ba0c705a9b5a1963b6054c772b667bc7da34abdc93bf841e83255 2a0b2720ebf51e4fe8467872185fbbc34601f95fd742805864f60077f299a051
CLIENT_TRAFFIC_SECRET_0 0b86dcce9b8ba0c705a9b5a1963b6054c772b667bc7da34abdc93bf841e83255 917975f506e764ce8e7205354da9b9a8c1ed2004ff2fc40576e3704e9e9c573b
SERVER_TRAFFIC_SECRET_0 0b86dcce9b8ba0c705a9b5a1963b6054c772b667bc7da34abdc93bf841e83255 005b23f6c2de3c5c73bf0193ea6c18e7c5dd3b75f61f91832eb6cd6c31933318
EXPORTER_SECRET 0b86dcce9b8ba0c705a9b5a1963b6054c772b667bc7da34abdc93bf841e83255 c7a25efa8feaec72b72ff871777edb44ef7866409ec5c60f2eff64069a81e307
CLIENT_HANDSHAKE_TRAFFIC_SECRET ea286684f26074f42f4938a6530219ee825279ea25cea222447f35f1b49d4595 1f096a60a0667c7426f3dfa180a17aae60a8df12bc20e71ad56f4c761f7d14d618771f5a16d7cf8cc9c63da3c18e0f9a
SERVER_HANDSHAKE_TRAFFIC_SECRET ea286684f26074f42f4938a6530219ee825279ea25cea222447f35f1b49d4595 9fa9783a764fbf2c483684d345a8c479dbe7d334db48d9a95574c7189fa741cb4fa1e79388754504972ad91c527e725f
CLIENT_TRAFFIC_SECRET_0 ea286684f26074f42f4938a6530219ee825279ea25cea222447f35f1b49d4595 6162f61e596f8a9c8af4a27a18b780f80e43d4ce1c13f1cadc4df240ba861d69fa6a5de27762d6f661711b1975308d9d
SERVER_TRAFFIC_SECRET_0 ea286684f26074f42f4938a6530219ee825279ea25cea222447f35f1b49d4595 0e98d15414f17a394e5b1240e88c00683342dfb7de3ee8c732a2b2a0b0049631fb8dbce7aeae0dbc53143c8b4fd7d403
EXPORTER_SECRET ea286684f26074f42f4938a6530219ee825279ea25cea222447f35f1b49d4595 1fcd5bcf6eff271302b086613a8ec347edd0f0c28efcc7d65407da2c154ec104cae5bf11bb32b9b8243205b708a5b0c6
CLIENT_HANDSHAKE_TRAFFIC_SECRET 62126b0c313c3a84c3294f5eb7883b1969078d2dab634ad0123cd977b4573a2f 2b27c5fff4fb2a4a2d7f8fbc7bfb3dbf1dd9c548c985f73a4178fdf8c975ab7a
SERVER_HANDSHAKE_TRAFFIC_SECRET 62126b0c313c3a84c3294f5eb7883b1969078d2dab634ad0123cd977b4573a2f 626beebad8c45c9ccde5895a3e703df6fe58e48dbc16f4c11c7d644fddd85a03
CLIENT_TRAFFIC_SECRET_0 62126b0c313c3a84c3294f5eb7883b1969078d2dab634ad0123cd977b4573a2f 0bfb5172b02656b4d429c9b9b3dad661f9f7444122461b2dfe2c003864782c79
SERVER_TRAFFIC_SECRET_0 62126b0c313c3a84c3294f5eb7883b1969078d2dab634ad0123cd977b4573a2f 6f4b870c9c6f4d9b3d96fbb29a7bf33d963d8697a8dfbe6738ca8d4a6eda6c35
EXPORTER_SECRET 62126b0c313c3a84c3294f5eb7883b1969078d2dab634ad0123cd977b4573a2f 9edab2153a72a748ad1494292dcb9647a8ddbd18da3fe6b870d306f3600e4867
CLIENT_HANDSHAKE_TRAFFIC_SECRET 5e2e538900157b9c1314e32d5122958fc53d2c7b8d6708bb56bc7a384f0c5ed8 64cee2cac00f6047ccd358b580047a1e0f398bba8b1ba7bf6dfa0a00f12b71aa
SERVER_HANDSHAKE_TRAFFIC_SECRET 5e2e538900157b9c1314e32d5122958fc53d2c7b8d6708bb56bc7a384f0c5ed8 76edef88c48a9697135c2c8e9f215ad510ba9e09e7dbead40be4e0d0d5eeff9b
CLIENT_TRAFFIC_SECRET_0 5e2e538900157b9c1314e32d5122958fc53d2c7b8d6708bb56bc7a384f0c5ed8 2c44e00be22b03d673378e7f4e8a1ba02a00a80c12e200d8989ef3e52570e4af
SERVER_TRAFFIC_SECRET_0 5e2e538900157b9c1314e32d5122958fc53d2c7b8d6708bb56bc7a384f0c5ed8 99eb9b39a1b9a51b5cfa4272e682dce75441838ee1e6347a07f471fb9de2561c
EXPORTER_SECRET 5e2e538900157b9c1314e32d5122958fc53d2c7b8d6708bb56bc7a384f0c5ed8 c45d7b4f23a7c06df0a9863212bb25d09da03d2e69e5334209ccf08808226eb3
CLIENT_HANDSHAKE_TRAFFIC_SECRET 8ca538033d2233d36e23c145ab7bfab1ba772aede53c02affaecc26def052f53 bad938c32f72afa789c58b308ab63ece9105801a83f9f6af53ad8442636d0716
SERVER_HANDSHAKE_TRAFFIC_SECRET 8ca538033d2233d36e23c145ab7bfab1ba772aede53c02affaecc26def052f53 08e68783d6ed58ee3f5f851eb6d74caf581e75c8f988474cb6b42036eac0c4d7
CLIENT_TRAFFIC_SECRET_0 8ca538033d2233d36e23c145ab7bfab1ba772aede53c02affaecc26def052f53 0f35c2a6c00e52e62a5a9e73111fdba0a0b33fa8d146c147b261cd2eec8c70a5
SERVER_TRAFFIC_SECRET_0 8ca538033d2233d36e23c145ab7bfab1ba772aede53c02affaecc26def052f53 f002154783b0ecd9973c5eb1a09808b34a964c38346c6b44b72c0d6649babce8
EXPORTER_SECRET 8ca538033d2233d36e23c145ab7bfab1ba772aede53c02affaecc26def052f53 814a21f9558e63f1a73f2d01f2fe89a75e6c3754d1dec35c6fc252bb9c755b6c
CLIENT_HANDSHAKE_TRAFFIC_SECRET adc9a0d05437d205848cfcca4c65cab6881ed1d2a22e04a94b553425f7c38163 833c4027afc05c166737388234f8e116b11946242d042ad26da99dba6ab23716
SERVER_HANDSHAKE_TRAFFIC_SECRET adc9a0d05437d205848cfcca4c65cab6881ed1d2a22e04a94b553425f7c38163 8fc7afe83f15c212a374ea51cd8ccb5b9ef573cdbf456950df241be2d59fe241
CLIENT_TRAFFIC_SECRET_0 adc9a0d05437d205848cfcca4c65cab6881ed1d2a22e04a94b553425f7c38163 ec7f10e1b5abdf8a38f6158402778a4fd490ccca112d8bd38e74c961e07505df
SERVER_TRAFFIC_SECRET_0 adc9a0d05437d205848cfcca4c65cab6881ed1d2a22e04a94b553425f7c38163 9fa60839f4683a1b9444e47ad9a95fe5913b261607971766c6cdb20be361ac0b
EXPORTER_SECRET adc9a0d05437d205848cfcca4c65cab6881ed1d2a22e04a94b553425f7c38163 843ec3e2468b687d0d3ab43060e9e171a61b33a48366f63a442c4c54eed1e2c2
CLIENT_HANDSHAKE_TRAFFIC_SECRET ec646daf906b1d36b59494d1069dd5665a865fe5358fbad3498d2ec4eca2bbb3 754b6d1d997c85d60896bb233c186d42c9908a4457594777871bea4f634deecb3668a5fd8c98a8f75d024827234a6996
SERVER_HANDSHAKE_TRAFFIC_SECRET ec646daf906b1d36b59494d1069dd5665a865fe5358fbad3498d2ec4eca2bbb3 3d0832248a697077cb4aaae7d9f7882b6ecf8e206659301868c9c1a83afba4b6de3f8145ad3bd4f23a546fd84e70cd11
CLIENT_TRAFFIC_SECRET_0 ec646daf906b1d36b59494d1069dd5665a865fe5358fbad3498d2ec4eca2bbb3 5729641339ff4e2061a220ae9ffd654606f71a3467fe85ee207bc4578c989e876d96731f182d3fe81f2d0f643098d5ce
SERVER_TRAFFIC_SECRET_0 ec646daf906b1d36b59494d1069dd5665a865fe5358fbad3498d2ec4eca2bbb3 3edc657c92b6aaece1f3c121ad4753f887e394d44e5afa21b6f9e0ee8f19dd2cc3ca1cb4436d3f92c3cb68f9f5bb18d4
EXPORTER_SECRET ec646daf906b1d36b59494d1069dd5665a865fe5358fbad3498d2ec4eca2bbb3 de1a6171c1b122806086d9abd4eaec67baa597bce040c145c5f697b264028f6dcbf9bf9b955544b3044e7dff187c722a
CLIENT_HANDSHAKE_TRAFFIC_SECRET 814783f61f8a8a9c2ad0e466046b615e1a1e8464894b022f932a5e87044b4d47 ba7f51086fddb190046f5ad51acfb79175c74b9d8e18df0619f7bdea0a8f08c1
SERVER_HANDSHAKE_TRAFFIC_SECRET 814783f61f8a8a9c2ad0e466046b615e1a1e8464894b022f932a5e87044b4d47 93f8fd2f1c42c4c7d5360dc14421bfbe6052db50a81137c2efe3ebcb418f2618
CLIENT_RANDOM 8b088f543d65f1dd8949004a00791c2fcc225013f69ad190b3b8743e25847dbe 0cca9e8549d89ad594439a1ef06c0ab7458feb80d03ae4d81d17626cace026d9534a72bfec94dbf635277a096b073b7c
CLIENT_TRAFFIC_SECRET_0 814783f61f8a8a9c2ad0e466046b615e1a1e8464894b022f932a5e87044b4d47 5098d78ea324cdce62f4db631ff33a4b8b99569449d5a71763079a50aae724db
SERVER_TRAFFIC_SECRET_0 814783f61f8a8a9c2ad0e466046b615e1a1e8464894b022f932a5e87044b4d47 14f52ac24d8303721beed8392d6a0f7c4b30754dbc77f074b538c82d28d96625
EXPORTER_SECRET 814783f61f8a8a9c2ad0e466046b615e1a1e8464894b022f932a5e87044b4d47 16cfb5d97a00d71a2414cbe6b2a58e5fc9e9799d8b851dcb1725783d7ee69406
CLIENT_HANDSHAKE_TRAFFIC_SECRET d3ff5dccbe3095d37191558cbb7eb5fa53c031023e06e44b572318f5a6d6ac05 aefec11564445e6d9941c7a432c2a312e7493b27d1e205651498215b7fa836e1
SERVER_HANDSHAKE_TRAFFIC_SECRET d3ff5dccbe3095d37191558cbb7eb5fa53c031023e06e44b572318f5a6d6ac05 0c54cafc062546d05c7aea53c7f13c6a4f1c76dfcdc7eb6dfbbd4ecd7216a810
CLIENT_TRAFFIC_SECRET_0 d3ff5dccbe3095d37191558cbb7eb5fa53c031023e06e44b572318f5a6d6ac05 ed5615318b89e75d5b30ce61df0132c6ad2be89d6ff68853dd56052f7436a8fe
SERVER_TRAFFIC_SECRET_0 d3ff5dccbe3095d37191558cbb7eb5fa53c031023e06e44b572318f5a6d6ac05 c7f95b760b4915f3e2d5181b5cc3b32edbff60222ca5ce07a8c3a4e04c87dd2d
EXPORTER_SECRET d3ff5dccbe3095d37191558cbb7eb5fa53c031023e06e44b572318f5a6d6ac05 f0dacd630c367d0bb2ef461219e0c0ca7425fd0cbb69fd498b2b62fbbdebf76c
CLIENT_HANDSHAKE_TRAFFIC_SECRET 8f7778d63523379085ccd47b7b1040dcf6024c2d0de4a87026a506bc61a2af85 2e6743bb52b2b5cdbd139be383987aa86223cbaf4a97c1a1d69def2a30cfc60b
SERVER_HANDSHAKE_TRAFFIC_SECRET 8f7778d63523379085ccd47b7b1040dcf6024c2d0de4a87026a506bc61a2af85 888e8a9718b03cefc092999ef65a95b490b7ba67c6466f1275c140294b4b890b
CLIENT_TRAFFIC_SECRET_0 8f7778d63523379085ccd47b7b1040dcf6024c2d0de4a87026a506bc61a2af85 ed778d829020654b41ea9347edab33dcafedb250f86678a1586d1335693183b7
SERVER_TRAFFIC_SECRET_0 8f7778d63523379085ccd47b7b1040dcf6024c2d0de4a87026a506bc61a2af85 fc0ed4a550dab60c57c9f05d251976bfd40f72134e4962ebdbf68ee5566f000d
EXPORTER_SECRET 8f7778d63523379085ccd47b7b1040dcf6024c2d0de4a87026a506bc61a2af85 7b1182e4a710bdf7c51181e4bcd9942c5a3ab3d62a249a80a15731e2f220b6cb
CLIENT_HANDSHAKE_TRAFFIC_SECRET 203cf4bf78c04ec0246f04fa6c766678437e458b3457bd8ccd021aac9cf1aafd 5094d71eb6953f863500eff0b16e42a9b627dbd9a31183260ff3b1f86168b6e3
SERVER_HANDSHAKE_TRAFFIC_SECRET 203cf4bf78c04ec0246f04fa6c766678437e458b3457bd8ccd021aac9cf1aafd 9a7d0f5e0e8cf26df244779a635ebbc33ede00b696142099f7056acbb5e8ff93
CLIENT_TRAFFIC_SECRET_0 203cf4bf78c04ec0246f04fa6c766678437e458b3457bd8ccd021aac9cf1aafd be1c746e174f6fdfc31bf6a365cf26c6af270eb4a96f0ca74a17dc88545733fc
SERVER_TRAFFIC_SECRET_0 203cf4bf78c04ec0246f04fa6c766678437e458b3457bd8ccd021aac9cf1aafd 4e9e6a93db53385c65bfb3eb053e1db42911f5446ef1d2269cd2e10cbaeba297
EXPORTER_SECRET 203cf4bf78c04ec0246f04fa6c766678437e458b3457bd8ccd021aac9cf1aafd 31454397ba322e7ea946563ef229de3c55c96040fad7a8919436870752a10f30
CLIENT_HANDSHAKE_TRAFFIC_SECRET f63db65e0e1f3bcc3270aea60b356e41fca1b63fe65d8f2c6e01b4592b68ceaf e93847c2d10fa66430640639bb18e474efa627309f33e7155d49c47221e3fe0e
SERVER_HANDSHAKE_TRAFFIC_SECRET f63db65e0e1f3bcc3270aea60b356e41fca1b63fe65d8f2c6e01b4592b68ceaf b811b56206c672f76ad79d8eed10059aac30a433768cf9a89f1eff483381f392
CLIENT_TRAFFIC_SECRET_0 f63db65e0e1f3bcc3270aea60b356e41fca1b63fe65d8f2c6e01b4592b68ceaf 38b217bb885760f9a2625f977b16e8051c2da2c4d2062d823ed52c4648d0365e
SERVER_TRAFFIC_SECRET_0 f63db65e0e1f3bcc3270aea60b356e41fca1b63fe65d8f2c6e01b4592b68ceaf 94ace7ba0c40caead78d81d11b7d0fbbd8044c6b4b3ff89f0850c6b71a80d8db
EXPORTER_SECRET f63db65e0e1f3bcc3270aea60b356e41fca1b63fe65d8f2c6e01b4592b68ceaf a960d20f93ccbd43f7b5186e29ee25332c22e96b04dfdcd7d6d76734c1863f1a
CLIENT_HANDSHAKE_TRAFFIC_SECRET a1d421cb5d62f39a863c70bf664dead5e2a7023f4a84b019e3bb57fc51158e53 2e846ea285f43c04cb50df200fed941b92531f8b34fd557016e88cb0ce54762f
SERVER_HANDSHAKE_TRAFFIC_SECRET a1d421cb5d62f39a863c70bf664dead5e2a7023f4a84b019e3bb57fc51158e53 52eebd566a0c8374fbf4c31fbd40f67b27a55760e86b9a5c1308c381411f95d2
CLIENT_TRAFFIC_SECRET_0 a1d421cb5d62f39a863c70bf664dead5e2a7023f4a84b019e3bb57fc51158e53 04d57e7a4f1bb648efed878d2d05baa5e4118fa3b9209b899ea5ae9d8206c0b8
SERVER_TRAFFIC_SECRET_0 a1d421cb5d62f39a863c70bf664dead5e2a7023f4a84b019e3bb57fc51158e53 ed76e92b3b37ba0c9962bc65cc364cbb44e649608588ddc2353901a1a45153b6
EXPORTER_SECRET a1d421cb5d62f39a863c70bf664dead5e2a7023f4a84b019e3bb57fc51158e53 e901f2143fd6af523f4b69f80dd4e27dea1c6b4421b3c3504262f60662d514fa
CLIENT_RANDOM cd6434d1ca1f55bcdd1875ea71a4734e770465b04d889c4ebf814c777655ff30 13a05e28427c6acdda2176bb7ff7ccbc762306f95b0de45a7700e61f5d00af06bd69cd08863499c7f3035e51886a093b
CLIENT_HANDSHAKE_TRAFFIC_SECRET 5e638aaf268383c7a51ba875a535e933a5d2025624ccb19ff1f466ab9b4b38f0 778aac68ce96ff652e5c9af4e1a623e3593a8376af157ee12e446c5a321273844a6bae0879c8882e36cbbe6f0b1ce15d
SERVER_HANDSHAKE_TRAFFIC_SECRET 5e638aaf268383c7a51ba875a535e933a5d2025624ccb19ff1f466ab9b4b38f0 60815428e21a3ec850d034bfb0bad9ca31c4a414b2ae1db30987128798efb1b11fdc3d25b2f366381f8dffc7c6b3ce1c
CLIENT_HANDSHAKE_TRAFFIC_SECRET 05896a589cf3bd0125f9b68ff81d66afb7cc60fbdf5c679a46683479a0c5719f 0f06eeff4f5f8af79794829416b42b2e28ac06556c72fd692f7d5df364b2f54a8e9ec72d4a6f9ecd37993597af3a5c59
SERVER_HANDSHAKE_TRAFFIC_SECRET 05896a589cf3bd0125f9b68ff81d66afb7cc60fbdf5c679a46683479a0c5719f 569d0be2f21a14531a81b43fe43282a9775e975b7bcfde7be903f15e21bdac8e08bffbe0950bb93a644b736b8e0ecd2e
CLIENT_TRAFFIC_SECRET_0 05896a589cf3bd0125f9b68ff81d66afb7cc60fbdf5c679a46683479a0c5719f b48354e020bd6ec92937b389d16e6477dbf952f17dea4b6c088e8ba708606a9f8aa8a2198c3a950f1f528cdbeca7c693
SERVER_TRAFFIC_SECRET_0 05896a589cf3bd0125f9b68ff81d66afb7cc60fbdf5c679a46683479a0c5719f 47e8aba07d33f0ea9bf8ecb3ee02fb4ecb27483b959acec97b4c7464ba801a2c741137f9a195c8f81b932b23bebea619
EXPORTER_SECRET 05896a589cf3bd0125f9b68ff81d66afb7cc60fbdf5c679a46683479a0c5719f e76be6ac9d0271778947168479f5f5b59ef8ea1d94297f56127f6fab1cb6039e35de9735abdf68e3a27d35ebf72de48e
CLIENT_HANDSHAKE_TRAFFIC_SECRET 8f9f84bcd95190c14b032bc4eed54d5d1d6abbd31837b872ab007bce8f7f3919 d946bc711cb46328951133e56edac63605b9edd38ad825e81510c9e54d65ad6024a4ebb0ac72cac2fcb9bb0c851a1ade
SERVER_HANDSHAKE_TRAFFIC_SECRET 8f9f84bcd95190c14b032bc4eed54d5d1d6abbd31837b872ab007bce8f7f3919 c6a553ed1cde8f8dc87b17f8f37f7e2ae87eabee2cb480ed714a0dc15943e8cbaa7d31665167778b33f539cb9ff2e881
CLIENT_HANDSHAKE_TRAFFIC_SECRET 5ccb4945dab97daf49bfd2ecf9cbd95b72ea17e14b0805bec0d47cf67dfc26ac e3ac62297cef004af499906c58b4a38d8d00dc7ebf7b05667fca45026d461d91d36e4c1c737f18bd2c7b15dd090b5450
SERVER_HANDSHAKE_TRAFFIC_SECRET 5ccb4945dab97daf49bfd2ecf9cbd95b72ea17e14b0805bec0d47cf67dfc26ac c26630850c39805e8b499378725e97223bc56d381caf8bfa6eebbf5684973a68d1159758eb2f9cbe675b8352a251ded7
CLIENT_TRAFFIC_SECRET_0 5ccb4945dab97daf49bfd2ecf9cbd95b72ea17e14b0805bec0d47cf67dfc26ac efc53d167c9a365cc9b058a0f552d0e5edc842a011c9a33f745507c73d2cc7b26985ff6e7acc4fcd8c7ac880f589c240
SERVER_TRAFFIC_SECRET_0 5ccb4945dab97daf49bfd2ecf9cbd95b72ea17e14b0805bec0d47cf67dfc26ac 3f07c9c2b37d5ceeb7c82cfa889056411446ff96f56083b53bc041e5446791f7b56b678efe4d7da46c3405925b56ff24
EXPORTER_SECRET 5ccb4945dab97daf49bfd2ecf9cbd95b72ea17e14b0805bec0d47cf67dfc26ac 9a7309c1a5ce140235532bbf3385a3c568f2675f5b47b2bb3aaf544e7e4ce0cec381a074535a5a1deb02a306a616402f
CLIENT_HANDSHAKE_TRAFFIC_SECRET 73633d594b996af87df351689bea820bcbb30f59482eb5b620c07c30f91a33a8 65d6baa7900ca0804d424141668e31ac739e05408dfe164a1f14a075ff809df060752835f35ea634d3ea4fa084c85337
SERVER_HANDSHAKE_TRAFFIC_SECRET 73633d594b996af87df351689bea820bcbb30f59482eb5b620c07c30f91a33a8 f9a430769f8f651677f44bd7155a600b4224d9fdc5aa69a977ed24551d5973dcf9bc722cf3f64cad4c3e9556182ce223
CLIENT_HANDSHAKE_TRAFFIC_SECRET 18a1bff3976f10b1e9a54d6f818bee30f68632cfb2ba1e50e971a90e2b11f1ec acee72424ec95c70b1e89476d715f9d1c8df6ecf371b42128e632fb1a825238075129e3d97b332fca9dd5c99e548afc8
SERVER_HANDSHAKE_TRAFFIC_SECRET 18a1bff3976f10b1e9a54d6f818bee30f68632cfb2ba1e50e971a90e2b11f1ec bf02009a19036ad320131bece21842aab924270ab7addbdc9b99872daafba2e1547a489fb77ecc6e13d895ed3b284d4d
CLIENT_TRAFFIC_SECRET_0 18a1bff3976f10b1e9a54d6f818bee30f68632cfb2ba1e50e971a90e2b11f1ec a6902a377ed382bf21d2dcc74d05d2805c13b9246647e5b8b71e3d0cfc5425e639fea5861054b467e4a56f30968df7e9
SERVER_TRAFFIC_SECRET_0 18a1bff3976f10b1e9a54d6f818bee30f68632cfb2ba1e50e971a90e2b11f1ec dcf9e0e876e760dd823d79875409c1145d1d10ebefed41b07b951a9529e1978e42d73a42fc87000809859f1ad7df4ca2
EXPORTER_SECRET 18a1bff3976f10b1e9a54d6f818bee30f68632cfb2ba1e50e971a90e2b11f1ec 575607735a9ac0862b6e47ac9b602133313e9863ed30fd4b586c658afc808d216acff604bde80f3438846beaf7cb0c68
CLIENT_HANDSHAKE_TRAFFIC_SECRET b9091b2bcb5b652423e43f3cc64b7394387efce29f00da989ba78b4a77467d28 d77531fe715fdb83b8e92305a586b1140c51ff0fe859c4ca2b46b6ed27ff7ed1
SERVER_HANDSHAKE_TRAFFIC_SECRET b9091b2bcb5b652423e43f3cc64b7394387efce29f00da989ba78b4a77467d28 1ef375afd223dc5d5e57ae933ea36bea55912cc20621d7bef95026baedbc85e3
CLIENT_TRAFFIC_SECRET_0 b9091b2bcb5b652423e43f3cc64b7394387efce29f00da989ba78b4a77467d28 a96c24d24d2453562967ddb5247c9307e157dc68194fc480b00ecdd47cfe5546
SERVER_TRAFFIC_SECRET_0 b9091b2bcb5b652423e43f3cc64b7394387efce29f00da989ba78b4a77467d28 b54168519c79a0863524a0271e5ad3f4d770914f10f5dd90dc1761159940759f
EXPORTER_SECRET b9091b2bcb5b652423e43f3cc64b7394387efce29f00da989ba78b4a77467d28 58a628d7123810aed8e290b5813fd2c6ff9765eeae36274b12bf0d77d5baca30
CLIENT_HANDSHAKE_TRAFFIC_SECRET e8ad7c216c42abbda82e0d3b5401bdb3c389431d5f9b01c7e7f21cf4933a119a 0db599eea62eeca5453ebc2f2e6404416afffb1dd40e2d2c736d4f30ef3b7ede
SERVER_HANDSHAKE_TRAFFIC_SECRET e8ad7c216c42abbda82e0d3b5401bdb3c389431d5f9b01c7e7f21cf4933a119a c6eac60e1b6fdba3c2028644e6103303348cb03b3870452884951a4d03607793
CLIENT_TRAFFIC_SECRET_0 e8ad7c216c42abbda82e0d3b5401bdb3c389431d5f9b01c7e7f21cf4933a119a 696a7acb9427fc7309e7453cb8e2d8455fdce58507631d62bab020922dcd66bf
SERVER_TRAFFIC_SECRET_0 e8ad7c216c42abbda82e0d3b5401bdb3c389431d5f9b01c7e7f21cf4933a119a 6fff2df8794902178a5feecae54be91a9a0fcf13e6b74c76b4bcb9fe9e9c591e
EXPORTER_SECRET e8ad7c216c42abbda82e0d3b5401bdb3c389431d5f9b01c7e7f21cf4933a119a bab2ddcf423708202fc34e159171329ca2d349bb4c4b077ce743846d79378a66
CLIENT_RANDOM ee38f3c961f0fe72523a5d81b6a70b484cd5fc1d336ef294ba90854fb5ca2944 acff026e8353818b669bd59dc490e92c42fe5b1e75e91ffba09ee19b21a9c90b1976f0c5a6ae020e3230cc53962d6448
CLIENT_HANDSHAKE_TRAFFIC_SECRET b5948c7442f6cee29ae7ef80f6e0efc3a8b63c1bc1209b7d7c78030058730081 9b6f4137cc0c0c8c18a23c228950fe90fb555410de7d3504b721b2ea2bbb0d1e
SERVER_HANDSHAKE_TRAFFIC_SECRET b5948c7442f6cee29ae7ef80f6e0efc3a8b63c1bc1209b7d7c78030058730081 13bfaeef008efdbdf0bdc3e270b70ef3d549b7274c51f18bb5c722552ce88b50
CLIENT_TRAFFIC_SECRET_0 b5948c7442f6cee29ae7ef80f6e0efc3a8b63c1bc1209b7d7c78030058730081 ed95fc07f17746b29b24585a14ec3beddfb534acfbcb31a3111b5805ba6c5df4
SERVER_TRAFFIC_SECRET_0 b5948c7442f6cee29ae7ef80f6e0efc3a8b63c1bc1209b7d7c78030058730081 a293e280f75e3b91a9dcd49d56bf74eb1b7b4ab5bc95be1ab4db97ba485f94aa
EXPORTER_SECRET b5948c7442f6cee29ae7ef80f6e0efc3a8b63c1bc1209b7d7c78030058730081 dce23c639cf3ca3774da295f85d01e040ed5715538fccdb86c81dbb723566287
CLIENT_HANDSHAKE_TRAFFIC_SECRET 419d6f4df56cd3386c3987e746410c18e609312b0ceaf7b715d45ba9c6ccb5f2 1d99132e7f00a759ab835ba194f0a152377ab2ef0a76df3ac2b98a1ccf4b2a6a
SERVER_HANDSHAKE_TRAFFIC_SECRET 419d6f4df56cd3386c3987e746410c18e609312b0ceaf7b715d45ba9c6ccb5f2 bc41eda39e6312468e6f92f9d5c9b667c64f4b49771056db84fece8e8d2e9733
CLIENT_TRAFFIC_SECRET_0 419d6f4df56cd3386c3987e746410c18e609312b0ceaf7b715d45ba9c6ccb5f2 b6ed94d5bf7393e111e356a6659840673b1b814a073222cae0c4c02c0de21710
SERVER_TRAFFIC_SECRET_0 419d6f4df56cd3386c3987e746410c18e609312b0ceaf7b715d45ba9c6ccb5f2 a28c2e8fdb2aee08554e4f86fca55fc045313fd883a383d5fedbe8bdf1bce188
EXPORTER_SECRET 419d6f4df56cd3386c3987e746410c18e609312b0ceaf7b715d45ba9c6ccb5f2 773b00141b4891860c0c58efbf7400272b015ae32bd224ad2569487f62dc2a93
CLIENT_HANDSHAKE_TRAFFIC_SECRET 1c4de31d73f82e226294a91387e92501a31405d1df1c74140b5f2d701c42cdcf fbc584b4bf2532fbf9bed18a2bd3e5cc28ef306f3c1c5342bdc70ef9db799472
SERVER_HANDSHAKE_TRAFFIC_SECRET 1c4de31d73f82e226294a91387e92501a31405d1df1c74140b5f2d701c42cdcf 2d8495779cdf4cdcca81463b5762ddce0931506ef03a62fa994b9f7b279a388e
CLIENT_TRAFFIC_SECRET_0 1c4de31d73f82e226294a91387e92501a31405d1df1c74140b5f2d701c42cdcf 0c232ccea8bacf25a2c9df2e6963dc7fb3770d67b0ac4bb3dc3b97877b098da7
SERVER_TRAFFIC_SECRET_0 1c4de31d73f82e226294a91387e92501a31405d1df1c74140b5f2d701c42cdcf 73b887f5a1943c3c50baf8e53f1bf6078532dae927472578e3064d2ebad4da65
EXPORTER_SECRET 1c4de31d73f82e226294a91387e92501a31405d1df1c74140b5f2d701c42cdcf ef01a7d69185aceb97a00bc8cabbb67a161980fb8111eea8845f9de2f695cb1f
CLIENT_HANDSHAKE_TRAFFIC_SECRET 4dba8e6c32b4c385b2acae9fcee4494a7549a4bb8a12384a9cace9bc628b0f15 6ab598a405d0c4b24fa7bb379a5849b617975139b3ea74830fdefa3c2de87273
SERVER_HANDSHAKE_TRAFFIC_SECRET 4dba8e6c32b4c385b2acae9fcee4494a7549a4bb8a12384a9cace9bc628b0f15 417cae90d539f7db9d768e4f1baafa35659fdaad7cf89068d34eaae96293bad3
CLIENT_TRAFFIC_SECRET_0 4dba8e6c32b4c385b2acae9fcee4494a7549a4bb8a12384a9cace9bc628b0f15 16f6c7dbca16be4b5a490fa1277bd35da58986ad9ab0f10f7f589a49b81dc8e9
SERVER_TRAFFIC_SECRET_0 4dba8e6c32b4c385b2acae9fcee4494a7549a4bb8a12384a9cace9bc628b0f15 6269bcca310a706cf23b71faa915e29ef13e5f1d54cc5ded61556d600a27c69e
EXPORTER_SECRET 4dba8e6c32b4c385b2acae9fcee4494a7549a4bb8a12384a9cace9bc628b0f15 326a7bcb2a3860352fee916bca062000ce6cb4d4f19cbb5500921c452e94f352
CLIENT_HANDSHAKE_TRAFFIC_SECRET b0f5d066fcf94c707239279b51aa627e48bf23d4ad113c71bf198ddc38f362e6 8fcf7b8d4a1df15870cca12df251c78dad6a53025e43af2f88da3245f1e0956a
SERVER_HANDSHAKE_TRAFFIC_SECRET b0f5d066fcf94c707239279b51aa627e48bf23d4ad113c71bf198ddc38f362e6 ada124523994cedfb0c7a4df846ab939e3a9b374126cc284c44597110ea8f3b3
CLIENT_TRAFFIC_SECRET_0 b0f5d066fcf94c707239279b51aa627e48bf23d4ad113c71bf198ddc38f362e6 0d2230ebbeb884a5502f8ecc61963def0f4099770f2b07324013f3124f79078f
SERVER_TRAFFIC_SECRET_0 b0f5d066fcf94c707239279b51aa627e48bf23d4ad113c71bf198ddc38f362e6 dc3266d3963eda2189877dad9871643d836a1732ac138647b9a1b3538bd55eb0
EXPORTER_SECRET b0f5d066fcf94c707239279b51aa627e48bf23d4ad113c71bf198ddc38f362e6 2d978fd9255aa1b4a9423c9de508c73614b4e67630635779fc3f53db668a2b36
CLIENT_HANDSHAKE_TRAFFIC_SECRET c1037abac236acf393719728a7bae60406e693c0529a8fcbdf0e681897fe840a 905ac6766e89391483266481585a246a77abd90359fbfd448dbda7e2f39e9edf
SERVER_HANDSHAKE_TRAFFIC_SECRET c1037abac236acf393719728a7bae60406e693c0529a8fcbdf0e681897fe840a e9a5a2f5eeba0e37efc9e5b38f8d88f7aad3e5e0806a198b9c69c6a7214e658e
CLIENT_TRAFFIC_SECRET_0 c1037abac236acf393719728a7bae60406e693c0529a8fcbdf0e681897fe840a 81f8a70eb3bd0b219297615ca36698930835ce44eb04cadd9aa3760e4c6a4e19
SERVER_TRAFFIC_SECRET_0 c1037abac236acf393719728a7bae60406e693c0529a8fcbdf0e681897fe840a 7714f0e58bf5be94a3fa9d627f07b7580457a1ed1d6e21bbcc026b1f52a61730
EXPORTER_SECRET c1037abac236acf393719728a7bae60406e693c0529a8fcbdf0e681897fe840a f17465fbea818fd23b09a7354e6c2afeeae33d009a9b5daa32a8706bb8cb3081
CLIENT_HANDSHAKE_TRAFFIC_SECRET 5ffbdfc3e4ecf4bfa82225f5b329464fe79e406e035fbfc963e59ad4afaf8da7 7fd91e4ec346c065c9986c10ec33f41e8e541d858ca602838f45e38d3c400de7
SERVER_HANDSHAKE_TRAFFIC_SECRET 5ffbdfc3e4ecf4bfa82225f5b329464fe79e406e035fbfc963e59ad4afaf8da7 5f254546c3b9b4d61233bc7d9aba094aa7dd9de409b7289e401b612d71e27e30
CLIENT_TRAFFIC_SECRET_0 5ffbdfc3e4ecf4bfa82225f5b329464fe79e406e035fbfc963e59ad4afaf8da7 df62ccf5429deb143679c1ce0f57018a8b1f77461860d35c552357b6f3959295
SERVER_TRAFFIC_SECRET_0 5ffbdfc3e4ecf4bfa82225f5b329464fe79e406e035fbfc963e59ad4afaf8da7 1b5d3b47f160f30f3d53e14599a21b21b204023635b702a94fbc092c61a79f4f
EXPORTER_SECRET 5ffbdfc3e4ecf4bfa82225f5b329464fe79e406e035fbfc963e59ad4afaf8da7 bb0128d60373e902f9cd649b863217319eda20b0dda2ad54433d49c92a942ee5
